[2019-10-06 15:10:07:746] [INFO ] :: Starting EmployeeServiceTest on DESKTOP-1B3IGJV with PID 3152 (started by endry in D:\Java\Тестовое\employee-service-backend)
[2019-10-06 15:10:07:763] [INFO ] :: No active profile set, falling back to default profiles: default
[2019-10-06 15:10:10:165] [INFO ] :: Initializing ExecutorService 'applicationTaskExecutor'
[2019-10-06 15:10:10:430] [INFO ] :: Initializing Spring TestDispatcherServlet ''
[2019-10-06 15:10:10:430] [INFO ] :: Initializing Servlet ''
[2019-10-06 15:10:10:449] [INFO ] :: Completed initialization in 19 ms
[2019-10-06 15:10:10:489] [INFO ] :: Started EmployeeServiceTest in 3.092 seconds (JVM running for 4.673)
[2019-10-06 15:10:10:956] [INFO ] :: Neither @ContextConfiguration nor @ContextHierarchy found for test class [com.akybenko.employee.test.ProjectServiceTest], using SpringBootContextLoader
[2019-10-06 15:10:10:961] [INFO ] :: Could not detect default resource locations for test class [com.akybenko.employee.test.ProjectServiceTest]: no resource found for suffixes {-context.xml, Context.groovy}.
[2019-10-06 15:10:10:961] [INFO ] :: Could not detect default configuration classes for test class [com.akybenko.employee.test.ProjectServiceTest]: ProjectServiceTest does not declare any static, non-private, non-final, nested classes annotated with @Configuration.
[2019-10-06 15:10:10:972] [INFO ] :: Found @SpringBootConfiguration com.akybenko.employee.EmployeeServiceApplication for test class com.akybenko.employee.test.ProjectServiceTest
[2019-10-06 15:10:10:973] [INFO ] :: Loaded default TestExecutionListener class names from location [META-INF/spring.factories]: [org.springframework.boot.test.autoconfigure.restdocs.RestDocsTestExecutionListener, org.springframework.boot.test.autoconfigure.web.client.MockRestServiceServerResetTestExecutionListener, org.springframework.boot.test.autoconfigure.web.servlet.MockMvcPrintOnlyOnFailureTestExecutionListener, org.springframework.boot.test.autoconfigure.web.servlet.WebDriverTestExecutionListener, org.springframework.boot.test.mock.mockito.MockitoTestExecutionListener, org.springframework.boot.test.mock.mockito.ResetMocksTestExecutionListener, org.springframework.test.context.web.ServletTestExecutionListener, org.springframework.test.context.support.DirtiesContextBeforeModesTestExecutionListener, org.springframework.test.context.support.DependencyInjectionTestExecutionListener, org.springframework.test.context.support.DirtiesContextTestExecutionListener, org.springframework.test.context.transaction.TransactionalTestExecutionListener, org.springframework.test.context.jdbc.SqlScriptsTestExecutionListener]
[2019-10-06 15:10:10:974] [INFO ] :: Using TestExecutionListeners: [org.springframework.test.context.web.ServletTestExecutionListener@e2ad9f3, org.springframework.test.context.support.DirtiesContextBeforeModesTestExecutionListener@2c854999, org.springframework.boot.test.mock.mockito.MockitoTestExecutionListener@68d64661, org.springframework.boot.test.autoconfigure.SpringBootDependencyInjectionTestExecutionListener@7d9719fb, org.springframework.test.context.support.DirtiesContextTestExecutionListener@252ab2fb, org.springframework.test.context.transaction.TransactionalTestExecutionListener@23e5fe46, org.springframework.test.context.jdbc.SqlScriptsTestExecutionListener@79da5115, org.springframework.boot.test.autoconfigure.restdocs.RestDocsTestExecutionListener@3c47d714, org.springframework.boot.test.autoconfigure.web.client.MockRestServiceServerResetTestExecutionListener@4c8a070d, org.springframework.boot.test.autoconfigure.web.servlet.MockMvcPrintOnlyOnFailureTestExecutionListener@4091d714, org.springframework.boot.test.autoconfigure.web.servlet.WebDriverTestExecutionListener@6be874ea, org.springframework.boot.test.mock.mockito.ResetMocksTestExecutionListener@6915f1f4]
[2019-10-06 15:10:11:044] [INFO ] :: Starting ProjectServiceTest on DESKTOP-1B3IGJV with PID 3152 (started by endry in D:\Java\Тестовое\employee-service-backend)
[2019-10-06 15:10:11:046] [INFO ] :: No active profile set, falling back to default profiles: default
[2019-10-06 15:10:11:552] [INFO ] :: Initializing ExecutorService 'applicationTaskExecutor'
[2019-10-06 15:10:11:692] [INFO ] :: Initializing Spring TestDispatcherServlet ''
[2019-10-06 15:10:11:692] [INFO ] :: Initializing Servlet ''
[2019-10-06 15:10:11:706] [INFO ] :: Completed initialization in 11 ms
[2019-10-06 15:10:11:729] [INFO ] :: Started ProjectServiceTest in 0.752 seconds (JVM running for 5.913)
[2019-10-06 15:10:11:887] [INFO ] :: Shutting down ExecutorService 'applicationTaskExecutor'
[2019-10-06 15:10:11:893] [INFO ] :: Shutting down ExecutorService 'applicationTaskExecutor'
